<?xml version="1.0" encoding="UTF-8"?>
<!-- Generated by org.testng.reporters.JUnitReportReporter -->
<testsuite hostname="DESKTOP-8G7M1TB" failures="0" tests="2" name="com.rnd.testscripts.NewTests" time="26.746" errors="0" timestamp="2022-05-08T23:51:02 IST" skipped="0">
  <testcase classname="com.rnd.testscripts.NewTests" name="errorInvalidCredentials" time="14.257"/>
  <system-out/>
  <testcase classname="com.rnd.testscripts.NewTests" name="errorInvalidCredentials" time="12.489"/>
  <system-out/>
</testsuite> <!-- com.rnd.testscripts.NewTests -->
